<?xml version="1.0" encoding="UTF-8"?>
<testsuite name="com.features.search.SearchByKeywordStory" tests="1" skipped="0" failures="1" errors="0" timestamp="2021-05-15T11:41:51" hostname="DESKTOP-ID529IK" time="8.521">
  <properties/>
  <testcase name="searching_by_keyword_apple_should_display_the_corresponding_article" classname="com.features.search.SearchByKeywordStory" time="8.521">
    <failure message="net.thucydides.core.webdriver.DriverConfigurationError: Could not instantiate new WebDriver instance of type class org.openqa.selenium.chrome.ChromeDriver (session not created: This version of ChromeDriver only supports Chrome version 91&#10;Current browser version is 90.0.4430.212 with binary path C:\Program Files\Google\Chrome\Application\chrome.exe&#10;Build info: version: '3.141.59', revision: 'e82be7d358', time: '2018-11-14T08:17:03'&#10;System info: host: 'DESKTOP-ID529IK', ip: '192.168.0.106', os.name: 'Windows 10', os.arch: 'amd64', os.version: '10.0', java.version: '14.0.2'&#10;Driver info: driver.version: ProvideNewDriver&#10;remote stacktrace: Backtrace:&#10;&#9;Ordinal0 [0x00642DB3+2502067]&#10;&#9;Ordinal0 [0x005DC5B1+2082225]&#10;&#9;Ordinal0 [0x004E2498+1057944]&#10;&#9;Ordinal0 [0x005005DA+1181146]&#10;&#9;Ordinal0 [0x004FC43C+1164348]&#10;&#9;Ordinal0 [0x004F9C73+1154163]&#10;&#9;Ordinal0 [0x00529A22+1350178]&#10;&#9;Ordinal0 [0x0052967A+1349242]&#10;&#9;Ordinal0 [0x00525BEB+1334251]&#10;&#9;Ordinal0 [0x00502174+1188212]&#10;&#9;Ordinal0 [0x00503009+1191945]&#10;&#9;GetHandleVerifier [0x007BEC5C+1511084]&#10;&#9;GetHandleVerifier [0x00868522+2205554]&#10;&#9;GetHandleVerifier [0x006C3393+480739]&#10;&#9;GetHandleVerifier [0x006C2579+477129]&#10;&#9;Ordinal0 [0x005E1E5D+2104925]&#10;&#9;Ordinal0 [0x005E63F8+2122744]&#10;&#9;Ordinal0 [0x005E6537+2123063]&#10;&#9;Ordinal0 [0x005EEE53+2158163]&#10;&#9;BaseThreadInitThunk [0x762FFA29+25]&#10;&#9;RtlGetAppContainerNamedObjectPath [0x770C7A7E+286]&#10;&#9;RtlGetAppContainerNamedObjectPath [0x770C7A4E+238]&#10;). See below for more details." type="net.thucydides.core.webdriver.DriverConfigurationError">net.thucydides.core.webdriver.DriverConfigurationError: Could not instantiate new WebDriver instance of type class org.openqa.selenium.chrome.ChromeDriver (session not created: This version of ChromeDriver only supports Chrome version 91
Current browser version is 90.0.4430.212 with binary path C:\Program Files\Google\Chrome\Application\chrome.exe
Build info: version: '3.141.59', revision: 'e82be7d358', time: '2018-11-14T08:17:03'
System info: host: 'DESKTOP-ID529IK', ip: '192.168.0.106', os.name: 'Windows 10', os.arch: 'amd64', os.version: '10.0', java.version: '14.0.2'
Driver info: driver.version: ProvideNewDriver
remote stacktrace: Backtrace:
	Ordinal0 [0x00642DB3+2502067]
	Ordinal0 [0x005DC5B1+2082225]
	Ordinal0 [0x004E2498+1057944]
	Ordinal0 [0x005005DA+1181146]
	Ordinal0 [0x004FC43C+1164348]
	Ordinal0 [0x004F9C73+1154163]
	Ordinal0 [0x00529A22+1350178]
	Ordinal0 [0x0052967A+1349242]
	Ordinal0 [0x00525BEB+1334251]
	Ordinal0 [0x00502174+1188212]
	Ordinal0 [0x00503009+1191945]
	GetHandleVerifier [0x007BEC5C+1511084]
	GetHandleVerifier [0x00868522+2205554]
	GetHandleVerifier [0x006C3393+480739]
	GetHandleVerifier [0x006C2579+477129]
	Ordinal0 [0x005E1E5D+2104925]
	Ordinal0 [0x005E63F8+2122744]
	Ordinal0 [0x005E6537+2123063]
	Ordinal0 [0x005EEE53+2158163]
	BaseThreadInitThunk [0x762FFA29+25]
	RtlGetAppContainerNamedObjectPath [0x770C7A7E+286]
	RtlGetAppContainerNamedObjectPath [0x770C7A4E+238]
). See below for more details.
	at com.steps.serenity.EndUserSteps.is_the_home_page(EndUserSteps.java:32)
	at com.features.search.SearchByKeywordStory.searching_by_keyword_apple_should_display_the_corresponding_article(SearchByKeywordStory.java:27)
</failure>
  </testcase>
  <system-out><![CDATA[]]></system-out>
  <system-err><![CDATA[SLF4J: Failed to load class "org.slf4j.impl.StaticLoggerBinder".
SLF4J: Defaulting to no-operation (NOP) logger implementation
SLF4J: See http://www.slf4j.org/codes.html#StaticLoggerBinder for further details.
Starting ChromeDriver 91.0.4472.19 (1bf021f248676a0b2ab3ee0561d83a59e424c23e-refs/branch-heads/4472@{#288}) on port 9846
Only local connections are allowed.
Please see https://chromedriver.chromium.org/security-considerations for suggestions on keeping ChromeDriver safe.
ChromeDriver was started successfully.
]]></system-err>
</testsuite>
